  pch.cpp
  1945모작.cpp
C:\Users\kkth3\OneDrive\문서\GitHub\WindowFinalProject\1945모작\1945모작\1945모작.cpp(49,18): warning C4244: '초기화 중': 'ULONGLONG'에서 'DWORD'(으)로 변환하면서 데이터가 손실될 수 있습니다.
  (소스 파일 '/1945모작.cpp'을(를) 컴파일하는 중)
  
C:\Users\kkth3\OneDrive\문서\GitHub\WindowFinalProject\1945모작\1945모작\1945모작.cpp(58,36): warning C4244: '=': 'ULONGLONG'에서 'DWORD'(으)로 변환하면서 데이터가 손실될 수 있습니다.
  (소스 파일 '/1945모작.cpp'을(를) 컴파일하는 중)
  
C:\Users\kkth3\OneDrive\문서\GitHub\WindowFinalProject\1945모작\1945모작\1945모작.cpp(77,42): warning C4244: '=': 'ULONGLONG'에서 'int'(으)로 변환하면서 데이터가 손실될 수 있습니다.
  (소스 파일 '/1945모작.cpp'을(를) 컴파일하는 중)
  
  Bmp_Manager.cpp
  Key_Manager.cpp
  Level_GamePlay.cpp
  GameObject.cpp
  Level.cpp
  Level_Logo.cpp
  Level_Manager.cpp
  Level_Menu.cpp
  MainGame.cpp
C:\Users\kkth3\OneDrive\문서\GitHub\WindowFinalProject\1945모작\1945모작\MainGame.cpp(45,28): warning C4244: '=': 'ULONGLONG'에서 'DWORD'(으)로 변환하면서 데이터가 손실될 수 있습니다.
  (소스 파일 '/MainGame.cpp'을(를) 컴파일하는 중)
  
  MyBmp.cpp
  Object_Manager.cpp
  Player.cpp
C:\Users\kkth3\OneDrive\문서\GitHub\WindowFinalProject\1945모작\1945모작\Player.cpp(59,10): warning C4244: '인수': 'float'에서 'int'(으)로 변환하면서 데이터가 손실될 수 있습니다.
  (소스 파일 '/Player.cpp'을(를) 컴파일하는 중)
  
C:\Users\kkth3\OneDrive\문서\GitHub\WindowFinalProject\1945모작\1945모작\Player.cpp(58,10): warning C4244: '인수': 'float'에서 'int'(으)로 변환하면서 데이터가 손실될 수 있습니다.
  (소스 파일 '/Player.cpp'을(를) 컴파일하는 중)
  
C:\Users\kkth3\OneDrive\문서\GitHub\WindowFinalProject\1945모작\1945모작\Player.cpp(52,19): warning C4244: '인수': 'float'에서 'int'(으)로 변환하면서 데이터가 손실될 수 있습니다.
  (소스 파일 '/Player.cpp'을(를) 컴파일하는 중)
  
C:\Users\kkth3\OneDrive\문서\GitHub\WindowFinalProject\1945모작\1945모작\Player.cpp(51,19): warning C4244: '인수': 'float'에서 'int'(으)로 변환하면서 데이터가 손실될 수 있습니다.
  (소스 파일 '/Player.cpp'을(를) 컴파일하는 중)
  
C:\Users\kkth3\OneDrive\문서\GitHub\WindowFinalProject\1945모작\1945모작\Player.cpp(136,36): warning C4244: '=': 'ULONGLONG'에서 'DWORD'(으)로 변환하면서 데이터가 손실될 수 있습니다.
  (소스 파일 '/Player.cpp'을(를) 컴파일하는 중)
  
C:\Users\kkth3\OneDrive\문서\GitHub\WindowFinalProject\1945모작\1945모작\Player.cpp(145,36): warning C4244: '=': 'ULONGLONG'에서 'DWORD'(으)로 변환하면서 데이터가 손실될 수 있습니다.
  (소스 파일 '/Player.cpp'을(를) 컴파일하는 중)
  
C:\Users\kkth3\OneDrive\문서\GitHub\WindowFinalProject\1945모작\1945모작\Player.cpp(153,36): warning C4244: '=': 'ULONGLONG'에서 'DWORD'(으)로 변환하면서 데이터가 손실될 수 있습니다.
  (소스 파일 '/Player.cpp'을(를) 컴파일하는 중)
  
C:\Users\kkth3\OneDrive\문서\GitHub\WindowFinalProject\1945모작\1945모작\Player.cpp(161,36): warning C4244: '=': 'ULONGLONG'에서 'DWORD'(으)로 변환하면서 데이터가 손실될 수 있습니다.
  (소스 파일 '/Player.cpp'을(를) 컴파일하는 중)
  
C:\Users\kkth3\OneDrive\문서\GitHub\WindowFinalProject\1945모작\1945모작\Player.cpp(169,36): warning C4244: '=': 'ULONGLONG'에서 'DWORD'(으)로 변환하면서 데이터가 손실될 수 있습니다.
  (소스 파일 '/Player.cpp'을(를) 컴파일하는 중)
  
  코드를 생성하고 있습니다.
  Compiler switch has changed, fall back to full compilation.
  All 281 functions were compiled because no usable IPDB/IOBJ from previous compilation was found.
  코드를 생성했습니다.
  1945모작.vcxproj -> C:\Users\kkth3\OneDrive\문서\GitHub\WindowFinalProject\1945모작\x64\Release\1945모작.exe
